<?xml version="1.0" encoding="UTF-8"?>
<!-- Generated by org.testng.reporters.JUnitXMLReporter -->
<testsuite ignored="0" hostname="SeenaReddy" failures="0" tests="3" name="Default test" time="15.477" errors="0" timestamp="2025-04-30T18:56:21 MDT">
  <testcase classname="com.testscenarios.TS_02_VerifyUserwillAbleToLogin_Logout" name="TC_06" time="10.612"/>
  <testcase classname="com.testscenarios.TS_02_VerifyUserwillAbleToLogin_Logout" name="TC_07" time="2.69"/>
  <testcase classname="com.testscenarios.TS_02_VerifyUserwillAbleToLogin_Logout" name="TC_08" time="2.069"/>
</testsuite> <!-- Default test -->
