<?xml version="1.0" encoding="UTF-8"?>
<!-- Generated by org.testng.reporters.JUnitXMLReporter -->
<testsuite ignored="0" hostname="SeenaReddy" failures="0" tests="3" name="Default test" time="24.24" errors="0" timestamp="2025-05-06T18:28:11 MDT">
  <testcase classname="com.testscenarios.FbRetestWithDataProvider" name="f" time="7.363"/>
  <testcase classname="com.testscenarios.FbRetestWithDataProvider" name="f" time="7.207"/>
  <testcase classname="com.testscenarios.FbRetestWithDataProvider" name="f" time="9.6"/>
</testsuite> <!-- Default test -->
