<?xml version="1.0" encoding="UTF-8"?>
<testng-results ignored="0" total="1" passed="1" failed="0" skipped="0">
  <reporter-output>
  </reporter-output>
  <suite started-at="2025-05-14T18:32:10 MDT" name="Default suite" finished-at="2025-05-14T18:32:22 MDT" duration-ms="12157">
    <groups>
    </groups>
    <test started-at="2025-05-14T18:32:10 MDT" name="Default test" finished-at="2025-05-14T18:32:22 MDT" duration-ms="12157">
      <class name="com.testscenarios.FBloginWithDB">
        <test-method signature="fbloginUsingDB()[pri:0, instance:com.testscenarios.FBloginWithDB@424e1977]" started-at="2025-05-14T18:32:10 MDT" name="fbloginUsingDB" finished-at="2025-05-14T18:32:22 MDT" duration-ms="12098" status="PASS">
          <reporter-output>
          </reporter-output>
        </test-method> <!-- fbloginUsingDB -->
      </class> <!-- com.testscenarios.FBloginWithDB -->
    </test> <!-- Default test -->
  </suite> <!-- Default suite -->
</testng-results>
