<?xml version="1.0" encoding="UTF-8"?>
<testng-results ignored="0" total="6" passed="6" failed="0" skipped="0">
  <reporter-output>
  </reporter-output>
  <suite started-at="2025-05-01T09:50:14 MST" name="Default suite" finished-at="2025-05-01T09:50:26 MST" duration-ms="12581">
    <groups>
    </groups>
    <test started-at="2025-05-01T09:50:14 MST" name="Default test" finished-at="2025-05-01T09:50:26 MST" duration-ms="12581">
      <class name="com.testscenarios.TS_02_VerifyUserwillAbleToLogin_Logout">
        <test-method signature="TC_06()[pri:0, instance:com.testscenarios.TS_02_VerifyUserwillAbleToLogin_Logout@ba2f4ec]" started-at="2025-05-01T09:50:14 MST" name="TC_06" finished-at="2025-05-01T09:50:20 MST" duration-ms="6682" status="PASS">
          <reporter-output>
          </reporter-output>
        </test-method> <!-- TC_06 -->
        <test-method signature="TC_07()[pri:0, instance:com.testscenarios.TS_02_VerifyUserwillAbleToLogin_Logout@ba2f4ec]" started-at="2025-05-01T09:50:20 MST" name="TC_07" finished-at="2025-05-01T09:50:21 MST" duration-ms="841" status="PASS">
          <reporter-output>
          </reporter-output>
        </test-method> <!-- TC_07 -->
        <test-method signature="TC_08()[pri:0, instance:com.testscenarios.TS_02_VerifyUserwillAbleToLogin_Logout@ba2f4ec]" started-at="2025-05-01T09:50:21 MST" name="TC_08" finished-at="2025-05-01T09:50:22 MST" duration-ms="675" status="PASS">
          <reporter-output>
          </reporter-output>
        </test-method> <!-- TC_08 -->
        <test-method signature="TC_09()[pri:0, instance:com.testscenarios.TS_02_VerifyUserwillAbleToLogin_Logout@ba2f4ec]" started-at="2025-05-01T09:50:22 MST" name="TC_09" finished-at="2025-05-01T09:50:23 MST" duration-ms="1058" status="PASS">
          <reporter-output>
          </reporter-output>
        </test-method> <!-- TC_09 -->
        <test-method signature="TC_10()[pri:0, instance:com.testscenarios.TS_02_VerifyUserwillAbleToLogin_Logout@ba2f4ec]" started-at="2025-05-01T09:50:23 MST" name="TC_10" finished-at="2025-05-01T09:50:24 MST" duration-ms="1171" status="PASS">
          <reporter-output>
          </reporter-output>
        </test-method> <!-- TC_10 -->
        <test-method signature="TC_11()[pri:0, instance:com.testscenarios.TS_02_VerifyUserwillAbleToLogin_Logout@ba2f4ec]" started-at="2025-05-01T09:50:24 MST" name="TC_11" finished-at="2025-05-01T09:50:26 MST" duration-ms="2054" status="PASS">
          <reporter-output>
          </reporter-output>
        </test-method> <!-- TC_11 -->
      </class> <!-- com.testscenarios.TS_02_VerifyUserwillAbleToLogin_Logout -->
    </test> <!-- Default test -->
  </suite> <!-- Default suite -->
</testng-results>
